{"0":{"_id":"63e6701f3010dd71436cb511","address":{"area":"area3","road":"road4"},"email":"user3@aueb.gr","name":"Frank","password":"12345","phone":[{"number":"2104444444","type":"home"},{"number":"6934444444","type":"mobile"}],"products":[{"cost":10,"date":"2022-12-11T22:00:00.000Z","product":"product 1","quantity":10},{"cost":30,"date":"2022-12-11T22:00:00.000Z","product":"product 3","quantity":3},{"cost":40,"date":"2022-12-11T22:00:00.000Z","product":"product 4","quantity":4}],"surname":"Zappa","username":"user3"},"1":{"_id":"63e6701f3010dd71436cb50e","address":{"area":"area1","road":"road1"},"email":"admin1@aueb.gr","name":"Bob","password":"12345","phone":[{"number":"2101111111","type":"home"},{"number":"6931111111","type":"mobile"}],"products":[{"cost":10,"date":"2022-12-01T00:00:00.000Z","product":"product 1","quantity":2},{"cost":10,"date":"2022-05-11T21:00:00.000Z","product":"product 1","quantity":3}],"surname":"Dylan","username":"admin"},"10":{"__v":0,"_id":"6418418d4ed48812b52b5f77","createdAt":"2023-03-20T11:20:46.819Z","email":"pantel@aueb.gr","name":"pantelis","password":"123456789","phone":[{"number":"2134567123","type":"home"}],"products":[],"surname":"hatzii","updatedAt":"2023-03-20T11:20:46.819Z","username":"pantelis5"},"11":{"__v":0,"_id":"641842f151032b4b5b94bff8","address":{"area":"filola","road":"area67"},"createdAt":"2023-03-20T11:26:43.020Z","email":"xapa@aueb.gr","name":"pantelis8","password":"3456128","phone":[{"number":"2145678923","type":"home"}],"products":[],"surname":"hatz8","updatedAt":"2023-03-20T11:26:43.020Z","username":"pantelis8"},"2":{"_id":"63e6701f3010dd71436cb510","address":{"area":"area1","road":"road3"},"email":"user2@aueb.gr","name":"George","password":"12345","phone":[{"number":"2103333333","type":"home"},{"number":"6933333333","type":"mobile"}],"products":[{"cost":20,"date":"2022-10-11T21:00:00.000Z","product":"product 2","quantity":10},{"cost":20,"date":"2023-03-20T19:25:09.950Z","product":"product 2","quantity":3},{"cost":50,"date":"2022-10-11T21:00:00.000Z","product":"product 5","quantity":20}],"surname":"Harison","username":"user2"},"3":{"_id":"63e6701f3010dd71436cb513","address":{"area":"area1","road":"road1"},"email":"user5@aueb.gr","name":"Paul","password":"12345","phone":[{"number":"2106666666","type":"home"},{"number":"6936666666","type":"mobile"}],"products":[{"cost":30,"date":"2023-03-20T19:25:09.952Z","product":"product 3","quantity":10},{"cost":40,"date":"2023-03-20T19:25:09.953Z","product":"product 4","quantity":3}],"surname":"McCartney","username":"user5"},"4":{"_id":"63e6701f3010dd71436cb512","address":{"area":"area2","road":"road1"},"email":"user4@aueb.gr","name":"David","password":"12345","phone":[{"number":"2105555555","type":"home"},{"number":"6935555555","type":"mobile"}],"products":[{"cost":30,"date":"2023-03-20T19:25:09.956Z","product":"product 3","quantity":10},{"cost":40,"date":"2023-03-20T19:25:09.957Z","product":"product 4","quantity":3}],"surname":"Bowie","username":"user4"},"5":{"_id":"63e6701f3010dd71436cb50f","address":{"area":"area2","road":"road2"},"email":"user1@aueb.gr","name":"Elvis","password":"12345","phone":[{"number":"2102222222","type":"home"},{"number":"6932222222","type":"mobile"}],"products":[{"cost":10,"date":"2022-01-11T22:00:00.000Z","product":"product 1","quantity":2},{"cost":20,"date":"2022-05-11T21:00:00.000Z","product":"product 2","quantity":3},{"cost":40,"date":"2022-10-11T21:00:00.000Z","product":"product 4","quantity":10}],"surname":"Presley","updatedAt":"2023-03-12T15:52:24.699Z","username":"user1"},"6":{"__v":0,"_id":"64023fdfdc5259772ef98851","createdAt":"2023-03-03T18:43:43.446Z","email":"user@aueb.gr","name":"Lakis Lakis","password":"12345","phone":[{"number":"2109999999","type":"home"}],"products":[{"date":"2023-03-03T18:43:43.384Z"}],"surname":"Lalakis Lalakis dddddddd","updatedAt":"2023-03-06T10:53:33.325Z","username":"user8"},"7":{"__v":0,"_id":"64023ffedc5259772ef98856","createdAt":"2023-03-03T18:44:14.779Z","email":"user9@aueb.gr","name":"Lakis","password":"12345","phone":[],"products":[],"surname":"Lalakis","updatedAt":"2023-03-03T18:44:14.779Z","username":"user9"},"8":{"__v":0,"_id":"64183aed54be380592040bca","createdAt":"2023-03-20T10:52:31.100Z","email":"lakis2@aueb.gr","name":"lakis2","password":"1234567","phone":[{"number":"2123333333","type":"home"}],"products":[],"surname":"lalakis2","updatedAt":"2023-03-20T10:52:31.100Z","username":"lalakis2"},"9":{"__v":0,"_id":"64183f7beee35028f0edcddf","createdAt":"2023-03-20T11:11:56.745Z","email":"pant@aueb.gr","name":"pantelis","password":"2345678","phone":[{"number":"2134567890","type":"home"}],"products":[],"surname":"hatz","updatedAt":"2023-03-20T11:11:56.745Z","username":"pantelis3"},"level":"info","message":"Success in reading all users"}
{"level":"warn","message":"Warn in reading all users"}
{"level":"error","message":"Error in reading all users"}
{"level":"debug","message":"Debug in reading all users"}
{"0":{"_id":"63e6701f3010dd71436cb511","address":{"area":"area3","road":"road4"},"email":"user3@aueb.gr","name":"Frank","password":"12345","phone":[{"number":"2104444444","type":"home"},{"number":"6934444444","type":"mobile"}],"products":[{"cost":10,"date":"2022-12-11T22:00:00.000Z","product":"product 1","quantity":10},{"cost":30,"date":"2022-12-11T22:00:00.000Z","product":"product 3","quantity":3},{"cost":40,"date":"2022-12-11T22:00:00.000Z","product":"product 4","quantity":4}],"surname":"Zappa","username":"user3"},"1":{"_id":"63e6701f3010dd71436cb50e","address":{"area":"area1","road":"road1"},"email":"admin1@aueb.gr","name":"Bob","password":"12345","phone":[{"number":"2101111111","type":"home"},{"number":"6931111111","type":"mobile"}],"products":[{"cost":10,"date":"2022-12-01T00:00:00.000Z","product":"product 1","quantity":2},{"cost":10,"date":"2022-05-11T21:00:00.000Z","product":"product 1","quantity":3}],"surname":"Dylan","username":"admin"},"10":{"__v":0,"_id":"6418418d4ed48812b52b5f77","createdAt":"2023-03-20T11:20:46.819Z","email":"pantel@aueb.gr","name":"pantelis","password":"123456789","phone":[{"number":"2134567123","type":"home"}],"products":[],"surname":"hatzii","updatedAt":"2023-03-20T11:20:46.819Z","username":"pantelis5"},"11":{"__v":0,"_id":"641842f151032b4b5b94bff8","address":{"area":"filola","road":"area67"},"createdAt":"2023-03-20T11:26:43.020Z","email":"xapa@aueb.gr","name":"pantelis8","password":"3456128","phone":[{"number":"2145678923","type":"home"}],"products":[],"surname":"hatz8","updatedAt":"2023-03-20T11:26:43.020Z","username":"pantelis8"},"2":{"_id":"63e6701f3010dd71436cb510","address":{"area":"area1","road":"road3"},"email":"user2@aueb.gr","name":"George","password":"12345","phone":[{"number":"2103333333","type":"home"},{"number":"6933333333","type":"mobile"}],"products":[{"cost":20,"date":"2022-10-11T21:00:00.000Z","product":"product 2","quantity":10},{"cost":20,"date":"2023-03-20T19:25:27.099Z","product":"product 2","quantity":3},{"cost":50,"date":"2022-10-11T21:00:00.000Z","product":"product 5","quantity":20}],"surname":"Harison","username":"user2"},"3":{"_id":"63e6701f3010dd71436cb513","address":{"area":"area1","road":"road1"},"email":"user5@aueb.gr","name":"Paul","password":"12345","phone":[{"number":"2106666666","type":"home"},{"number":"6936666666","type":"mobile"}],"products":[{"cost":30,"date":"2023-03-20T19:25:27.100Z","product":"product 3","quantity":10},{"cost":40,"date":"2023-03-20T19:25:27.101Z","product":"product 4","quantity":3}],"surname":"McCartney","username":"user5"},"4":{"_id":"63e6701f3010dd71436cb512","address":{"area":"area2","road":"road1"},"email":"user4@aueb.gr","name":"David","password":"12345","phone":[{"number":"2105555555","type":"home"},{"number":"6935555555","type":"mobile"}],"products":[{"cost":30,"date":"2023-03-20T19:25:27.104Z","product":"product 3","quantity":10},{"cost":40,"date":"2023-03-20T19:25:27.105Z","product":"product 4","quantity":3}],"surname":"Bowie","username":"user4"},"5":{"_id":"63e6701f3010dd71436cb50f","address":{"area":"area2","road":"road2"},"email":"user1@aueb.gr","name":"Elvis","password":"12345","phone":[{"number":"2102222222","type":"home"},{"number":"6932222222","type":"mobile"}],"products":[{"cost":10,"date":"2022-01-11T22:00:00.000Z","product":"product 1","quantity":2},{"cost":20,"date":"2022-05-11T21:00:00.000Z","product":"product 2","quantity":3},{"cost":40,"date":"2022-10-11T21:00:00.000Z","product":"product 4","quantity":10}],"surname":"Presley","updatedAt":"2023-03-12T15:52:24.699Z","username":"user1"},"6":{"__v":0,"_id":"64023fdfdc5259772ef98851","createdAt":"2023-03-03T18:43:43.446Z","email":"user@aueb.gr","name":"Lakis Lakis","password":"12345","phone":[{"number":"2109999999","type":"home"}],"products":[{"date":"2023-03-03T18:43:43.384Z"}],"surname":"Lalakis Lalakis dddddddd","updatedAt":"2023-03-06T10:53:33.325Z","username":"user8"},"7":{"__v":0,"_id":"64023ffedc5259772ef98856","createdAt":"2023-03-03T18:44:14.779Z","email":"user9@aueb.gr","name":"Lakis","password":"12345","phone":[],"products":[],"surname":"Lalakis","updatedAt":"2023-03-03T18:44:14.779Z","username":"user9"},"8":{"__v":0,"_id":"64183aed54be380592040bca","createdAt":"2023-03-20T10:52:31.100Z","email":"lakis2@aueb.gr","name":"lakis2","password":"1234567","phone":[{"number":"2123333333","type":"home"}],"products":[],"surname":"lalakis2","updatedAt":"2023-03-20T10:52:31.100Z","username":"lalakis2"},"9":{"__v":0,"_id":"64183f7beee35028f0edcddf","createdAt":"2023-03-20T11:11:56.745Z","email":"pant@aueb.gr","name":"pantelis","password":"2345678","phone":[{"number":"2134567890","type":"home"}],"products":[],"surname":"hatz","updatedAt":"2023-03-20T11:11:56.745Z","username":"pantelis3"},"level":"info","message":"Success in reading all users"}
{"level":"warn","message":"Warn in reading all users"}
{"level":"error","message":"Error in reading all users"}
{"level":"debug","message":"Debug in reading all users"}
{
  message: 'Error in reading all users',
  level: 'error',
  label: 'winston custom format',
  timestamp: '20-03-2023 22:02:20'
}
{
  message: 'Error in reading all users',
  level: 'error',
  label: 'winston custom format',
  timestamp: '22-03-2023 18:40:00'
}
{"label":"winston custom format","level":"error","message":"Error in reading all users","timestamp":"22-03-2023 18:43:31"}
{"label":"winston custom format","level":"error","message":"Error in reading all users","timestamp":"22-03-2023 18:47:41"}
{"label":"winston custom format","level":"error","message":"Error in reading all users","timestamp":"22-03-2023 18:48:49"}
{"label":"winston custom format","level":"error","message":"Error in reading all users","timestamp":"29-03-2023 20:28:48"}
{"label":"winston custom format","level":"error","message":"Error in reading all users","timestamp":"29-03-2023 20:32:08"}
{"label":"winston custom format","level":"error","message":"Error in reading all users","timestamp":"29-03-2023 20:37:18"}
{"label":"winston custom format","level":"error","message":"Error in reading all users","timestamp":"29-03-2023 20:37:19"}
{"label":"winston custom format","level":"error","message":"Error in reading all users","timestamp":"29-03-2023 20:37:32"}
{"label":"winston custom format","level":"error","message":"Error in reading all users","timestamp":"29-03-2023 20:37:33"}
{"label":"winston custom format","level":"error","message":"Error in reading all users","timestamp":"29-03-2023 20:37:57"}
{"label":"winston custom format","level":"error","message":"Error in reading all users","timestamp":"29-03-2023 20:38:28"}
{"label":"winston custom format","level":"error","message":"Error in reading all users","timestamp":"29-03-2023 20:38:37"}
{"label":"winston custom format","level":"error","message":"Error in reading all users","timestamp":"29-03-2023 20:39:32"}
{"label":"winston custom format","level":"error","message":"Error in reading all users","timestamp":"29-03-2023 20:39:38"}
{"label":"winston custom format","level":"error","message":"Error in reading all users","timestamp":"29-03-2023 20:40:24"}
{"label":"winston custom format","level":"error","message":"Error in reading all users","timestamp":"29-03-2023 20:40:47"}
{"label":"winston custom format","level":"error","message":"Error in reading all users","timestamp":"29-03-2023 20:40:49"}
{"label":"winston custom format","level":"error","message":"Error in reading all users","timestamp":"29-03-2023 20:41:52"}
{"label":"winston custom format","level":"error","message":"Error in reading all users","timestamp":"29-03-2023 20:41:53"}
{"label":"winston custom format","level":"error","message":"Error in reading all users","timestamp":"29-03-2023 20:42:21"}
{"label":"winston custom format","level":"error","message":"Error in reading all users","timestamp":"29-03-2023 20:42:45"}
{"label":"winston custom format","level":"error","message":"Error in reading all users","timestamp":"29-03-2023 20:42:52"}
{"label":"winston custom format","level":"error","message":"Error in reading all users","timestamp":"29-03-2023 20:47:59"}
{"label":"winston custom format","level":"error","message":"Error in reading all users","timestamp":"29-03-2023 20:48:48"}
{"label":"winston custom format","level":"error","message":"Error in reading all users","timestamp":"29-03-2023 20:48:48"}
{"label":"winston custom format","level":"error","message":"Error in reading all users","timestamp":"29-03-2023 20:49:00"}
{"label":"winston custom format","level":"error","message":"Error in reading all users","timestamp":"29-03-2023 20:49:25"}
{"label":"winston custom format","level":"error","message":"Error in reading all users","timestamp":"29-03-2023 20:49:25"}
{"label":"winston custom format","level":"error","message":"Error in reading all users","timestamp":"29-03-2023 20:49:32"}
{"label":"winston custom format","level":"error","message":"Error in reading all users","timestamp":"29-03-2023 20:49:35"}
{"label":"winston custom format","level":"error","message":"Error in reading all users","timestamp":"29-03-2023 20:49:37"}
{"label":"winston custom format","level":"error","message":"Error in reading all users","timestamp":"29-03-2023 20:49:39"}
{"label":"winston custom format","level":"error","message":"Error in reading all users","timestamp":"29-03-2023 20:49:41"}
{"label":"winston custom format","level":"error","message":"Error in reading all users","timestamp":"29-03-2023 20:50:07"}
{"label":"winston custom format","level":"error","message":"Error in reading all users","timestamp":"29-03-2023 20:50:07"}
{"label":"winston custom format","level":"error","message":"Error in reading all users","timestamp":"29-03-2023 20:50:36"}
{"label":"winston custom format","level":"error","message":"Error in reading all users","timestamp":"29-03-2023 20:50:43"}
{"label":"winston custom format","level":"error","message":"Error in reading all users","timestamp":"29-03-2023 21:04:53"}
{"label":"winston custom format","level":"error","message":"Error in reading all users","timestamp":"29-03-2023 21:04:54"}
{"label":"winston custom format","level":"error","message":"Error in reading all users","timestamp":"29-03-2023 21:07:47"}
{"label":"winston custom format","level":"error","message":"Error in reading all users","timestamp":"29-03-2023 21:08:01"}
{"label":"winston custom format","level":"error","message":"Error in reading all users","timestamp":"29-03-2023 21:10:47"}
{"label":"winston custom format","level":"error","message":"Error in reading all users","timestamp":"29-03-2023 21:10:47"}
{"label":"winston custom format","level":"error","message":"Error in reading all users","timestamp":"29-03-2023 21:11:11"}
{"label":"winston custom format","level":"error","message":"Error in reading all users","timestamp":"29-03-2023 21:11:28"}
{"label":"winston custom format","level":"error","message":"Error in reading all users","timestamp":"29-03-2023 21:11:37"}
{"label":"winston custom format","level":"error","message":"Error in reading all users","timestamp":"29-03-2023 21:12:15"}
{"label":"winston custom format","level":"error","message":"Error in reading all users","timestamp":"29-03-2023 21:12:15"}
{"label":"winston custom format","level":"error","message":"Error in reading all users","timestamp":"29-03-2023 21:12:15"}
{"label":"winston custom format","level":"error","message":"Error in reading all users","timestamp":"29-03-2023 21:12:22"}
